<?xml version="1.0" encoding="UTF-8"?>
<!-- Generated by org.testng.reporters.JUnitReportReporter -->
<testsuite hostname="PM" failures="0" tests="2" name="com.restAssureLearning.Test.UserApiTest" time="2.454" errors="0" timestamp="2024-09-05T13:18:32 EDT" skipped="0">
  <testcase classname="com.restAssureLearning.Test.UserApiTest" name="testGetUserName" time="2.297"/>
  <testcase classname="com.restAssureLearning.Test.UserApiTest" name="testGetUserName" time="0.157"/>
</testsuite> <!-- com.restAssureLearning.Test.UserApiTest -->
